<?xml version="1.0" encoding="UTF-8"?>
<!-- Generated by org.testng.reporters.JUnitReportReporter -->
<testsuite skipped="0" hostname="varsha-pc" name="vTigerIntegration.Login" tests="1" failures="0" timestamp="08 Apr 2018 08:55:04 GMT" time="0.022" errors="0">
  <testcase name="validlogin" time="0.022" classname="vTigerIntegration.Login"/>
</testsuite> <!-- vTigerIntegration.Login -->
